# JRE version: Java(TM) SE Runtime Environment 18.9 (11.0.14+8) (build 11.0.14+8-LTS-263)
# Java VM: Java HotSpot(TM) 64-Bit Server VM 18.9 (11.0.14+8-LTS-263, mixed mode, tiered, compressed oops, g1 gc, windows-amd64)
Heap:
 garbage-first heap   total 379904K, used 183698K [0x0000000080000000, 0x0000000100000000)
  region size 1024K, 5 young (5120K), 5 survivors (5120K)
 Metaspace       used 111475K, capacity 116167K, committed 116352K, reserved 616448K
  class space    used 14474K, capacity 16176K, committed 16256K, reserved 516096K
GC Heap History (10 events):
Event: 57.058 GC heap after
{Heap after GC invocations=78 (full 0):
 garbage-first heap   total 208896K, used 154802K [0x0000000080000000, 0x0000000100000000)
  region size 1024K, 2 young (2048K), 2 survivors (2048K)
 Metaspace       used 107470K, capacity 111955K, committed 112000K, reserved 612352K
  class space    used 14094K, capacity 15732K, committed 15744K, reserved 516096K
}
Event: 57.650 GC heap before
{Heap before GC invocations=78 (full 0):
 garbage-first heap   total 208896K, used 177330K [0x0000000080000000, 0x0000000100000000)
  region size 1024K, 25 young (25600K), 2 survivors (2048K)
 Metaspace       used 109112K, capacity 113645K, committed 113792K, reserved 614400K
  class space    used 14271K, capacity 15946K, committed 16000K, reserved 516096K
}
Event: 57.680 GC heap after
{Heap after GC invocations=79 (full 0):
 garbage-first heap   total 250880K, used 156823K [0x0000000080000000, 0x0000000100000000)
  region size 1024K, 4 young (4096K), 4 survivors (4096K)
 Metaspace       used 109112K, capacity 113645K, committed 113792K, reserved 614400K
  class space    used 14271K, capacity 15946K, committed 16000K, reserved 516096K
}
Event: 58.405 GC heap before
{Heap before GC invocations=79 (full 0):
 garbage-first heap   total 250880K, used 195735K [0x0000000080000000, 0x0000000100000000)
  region size 1024K, 43 young (44032K), 4 survivors (4096K)
 Metaspace       used 109308K, capacity 113798K, committed 114048K, reserved 614400K
  class space    used 14288K, capacity 15972K, committed 16000K, reserved 516096K
}
Event: 58.417 GC heap after
{Heap after GC invocations=80 (full 0):
 garbage-first heap   total 250880K, used 159901K [0x0000000080000000, 0x0000000100000000)
  region size 1024K, 6 young (6144K), 6 survivors (6144K)
 Metaspace       used 109308K, capacity 113798K, committed 114048K, reserved 614400K
  class space    used 14288K, capacity 15972K, committed 16000K, reserved 516096K
}
Event: 59.122 GC heap before
{Heap before GC invocations=80 (full 0):
 garbage-first heap   total 250880K, used 199837K [0x0000000080000000, 0x0000000100000000)
  region size 1024K, 46 young (47104K), 6 survivors (6144K)
 Metaspace       used 110770K, capacity 115448K, committed 115584K, reserved 616448K
  class space    used 14447K, capacity 16173K, committed 16256K, reserved 516096K
}
Event: 59.129 GC heap after
{Heap after GC invocations=81 (full 0):
 garbage-first heap   total 250880K, used 163033K [0x0000000080000000, 0x0000000100000000)
  region size 1024K, 6 young (6144K), 6 survivors (6144K)
 Metaspace       used 110770K, capacity 115448K, committed 115584K, reserved 616448K
  class space    used 14447K, capacity 16173K, committed 16256K, reserved 516096K
}
Event: 59.719 GC heap before
{Heap before GC invocations=81 (full 0):
 garbage-first heap   total 250880K, used 206041K [0x0000000080000000, 0x0000000100000000)
  region size 1024K, 46 young (47104K), 6 survivors (6144K)
 Metaspace       used 111174K, capacity 115902K, committed 116096K, reserved 616448K
  class space    used 14465K, capacity 16173K, committed 16256K, reserved 516096K
}
Event: 59.732 GC heap after
{Heap after GC invocations=82 (full 0):
 garbage-first heap   total 250880K, used 174832K [0x0000000080000000, 0x0000000100000000)
  region size 1024K, 6 young (6144K), 6 survivors (6144K)
 Metaspace       used 111174K, capacity 115902K, committed 116096K, reserved 616448K
  class space    used 14465K, capacity 16173K, committed 16256K, reserved 516096K
}
Event: 60.060 GC heap before
{Heap before GC invocations=82 (full 0):
 garbage-first heap   total 250880K, used 206576K [0x0000000080000000, 0x0000000100000000)
  region size 1024K, 37 young (37888K), 6 survivors (6144K)
 Metaspace       used 111475K, capacity 116167K, committed 116352K, reserved 616448K
  class space    used 14474K, capacity 16176K, committed 16256K, reserved 516096K
}

