# JRE version: Java(TM) SE Runtime Environment 18.9 (11.0.14+8) (build 11.0.14+8-LTS-263)
# Java VM: Java HotSpot(TM) 64-Bit Server VM 18.9 (11.0.14+8-LTS-263, mixed mode, tiered, compressed oops, g1 gc, windows-amd64)
Heap:
 garbage-first heap   total 129024K, used 29100K [0x0000000080000000, 0x0000000100000000)
  region size 1024K, 14 young (14336K), 5 survivors (5120K)
 Metaspace       used 34417K, capacity 35215K, committed 35328K, reserved 546816K
  class space    used 4451K, capacity 4768K, committed 4864K, reserved 516096K
GC Heap History (10 events):
Event: 0.887 GC heap before
{Heap before GC invocations=1 (full 0):
 garbage-first heap   total 129024K, used 30799K [0x0000000080000000, 0x0000000100000000)
  region size 1024K, 24 young (24576K), 3 survivors (3072K)
 Metaspace       used 10965K, capacity 11249K, committed 11520K, reserved 526336K
  class space    used 1148K, capacity 1245K, committed 1280K, reserved 516096K
}
Event: 0.889 GC heap after
{Heap after GC invocations=2 (full 0):
 garbage-first heap   total 129024K, used 9912K [0x0000000080000000, 0x0000000100000000)
  region size 1024K, 1 young (1024K), 1 survivors (1024K)
 Metaspace       used 10965K, capacity 11249K, committed 11520K, reserved 526336K
  class space    used 1148K, capacity 1245K, committed 1280K, reserved 516096K
}
Event: 3.002 GC heap before
{Heap before GC invocations=2 (full 0):
 garbage-first heap   total 129024K, used 63160K [0x0000000080000000, 0x0000000100000000)
  region size 1024K, 52 young (53248K), 1 survivors (1024K)
 Metaspace       used 18113K, capacity 18520K, committed 18816K, reserved 532480K
  class space    used 2171K, capacity 2310K, committed 2432K, reserved 516096K
}
Event: 3.006 GC heap after
{Heap after GC invocations=3 (full 0):
 garbage-first heap   total 129024K, used 16411K [0x0000000080000000, 0x0000000100000000)
  region size 1024K, 7 young (7168K), 7 survivors (7168K)
 Metaspace       used 18113K, capacity 18520K, committed 18816K, reserved 532480K
  class space    used 2171K, capacity 2310K, committed 2432K, reserved 516096K
}
Event: 3.284 GC heap before
{Heap before GC invocations=3 (full 0):
 garbage-first heap   total 129024K, used 35867K [0x0000000080000000, 0x0000000100000000)
  region size 1024K, 27 young (27648K), 7 survivors (7168K)
 Metaspace       used 20666K, capacity 21108K, committed 21248K, reserved 534528K
  class space    used 2544K, capacity 2731K, committed 2816K, reserved 516096K
}
Event: 3.289 GC heap after
{Heap after GC invocations=4 (full 0):
 garbage-first heap   total 129024K, used 17204K [0x0000000080000000, 0x0000000100000000)
  region size 1024K, 1 young (1024K), 1 survivors (1024K)
 Metaspace       used 20666K, capacity 21108K, committed 21248K, reserved 534528K
  class space    used 2544K, capacity 2731K, committed 2816K, reserved 516096K
}
Event: 4.138 GC heap before
{Heap before GC invocations=5 (full 0):
 garbage-first heap   total 129024K, used 66356K [0x0000000080000000, 0x0000000100000000)
  region size 1024K, 49 young (50176K), 1 survivors (1024K)
 Metaspace       used 25608K, capacity 26207K, committed 26368K, reserved 540672K
  class space    used 3312K, capacity 3542K, committed 3584K, reserved 516096K
}
Event: 4.141 GC heap after
{Heap after GC invocations=6 (full 0):
 garbage-first heap   total 129024K, used 18936K [0x0000000080000000, 0x0000000100000000)
  region size 1024K, 3 young (3072K), 3 survivors (3072K)
 Metaspace       used 25608K, capacity 26207K, committed 26368K, reserved 540672K
  class space    used 3312K, capacity 3542K, committed 3584K, reserved 516096K
}
Event: 4.900 GC heap before
{Heap before GC invocations=6 (full 0):
 garbage-first heap   total 129024K, used 72184K [0x0000000080000000, 0x0000000100000000)
  region size 1024K, 55 young (56320K), 3 survivors (3072K)
 Metaspace       used 31067K, capacity 31763K, committed 31872K, reserved 544768K
  class space    used 4149K, capacity 4424K, committed 4480K, reserved 516096K
}
Event: 4.904 GC heap after
{Heap after GC invocations=7 (full 0):
 garbage-first heap   total 129024K, used 20908K [0x0000000080000000, 0x0000000100000000)
  region size 1024K, 5 young (5120K), 5 survivors (5120K)
 Metaspace       used 31067K, capacity 31763K, committed 31872K, reserved 544768K
  class space    used 4149K, capacity 4424K, committed 4480K, reserved 516096K
}

