# JRE version: Java(TM) SE Runtime Environment 18.9 (11.0.14+8) (build 11.0.14+8-LTS-263)
# Java VM: Java HotSpot(TM) 64-Bit Server VM 18.9 (11.0.14+8-LTS-263, mixed mode, tiered, compressed oops, g1 gc, windows-amd64)
Heap:
 garbage-first heap   total 188416K, used 75776K [0x0000000082600000, 0x0000000100000000)
  region size 1024K, 26 young (26624K), 6 survivors (6144K)
 Metaspace       used 65371K, capacity 66165K, committed 66384K, reserved 1107968K
  class space    used 7475K, capacity 7840K, committed 7960K, reserved 1048576K
GC Heap History (10 events):
Event: 2.444 GC heap before
{Heap before GC invocations=6 (full 0):
 garbage-first heap   total 129024K, used 68521K [0x0000000082600000, 0x0000000100000000)
  region size 1024K, 42 young (43008K), 2 survivors (2048K)
 Metaspace       used 43892K, capacity 44335K, committed 44572K, reserved 1089536K
  class space    used 5241K, capacity 5445K, committed 5580K, reserved 1048576K
}
Event: 2.449 GC heap after
{Heap after GC invocations=7 (full 0):
 garbage-first heap   total 155648K, used 30900K [0x0000000082600000, 0x0000000100000000)
  region size 1024K, 6 young (6144K), 6 survivors (6144K)
 Metaspace       used 43892K, capacity 44335K, committed 44572K, reserved 1089536K
  class space    used 5241K, capacity 5445K, committed 5580K, reserved 1048576K
}
Event: 3.125 GC heap before
{Heap before GC invocations=7 (full 0):
 garbage-first heap   total 155648K, used 85172K [0x0000000082600000, 0x0000000100000000)
  region size 1024K, 58 young (59392K), 6 survivors (6144K)
 Metaspace       used 52708K, capacity 53364K, committed 53660K, reserved 1095680K
  class space    used 6387K, capacity 6665K, committed 6732K, reserved 1048576K
}
Event: 3.134 GC heap after
{Heap after GC invocations=8 (full 0):
 garbage-first heap   total 155648K, used 34484K [0x0000000082600000, 0x0000000100000000)
  region size 1024K, 8 young (8192K), 8 survivors (8192K)
 Metaspace       used 52708K, capacity 53364K, committed 53660K, reserved 1095680K
  class space    used 6387K, capacity 6665K, committed 6732K, reserved 1048576K
}
Event: 4.121 GC heap before
{Heap before GC invocations=8 (full 0):
 garbage-first heap   total 155648K, used 96948K [0x0000000082600000, 0x0000000100000000)
  region size 1024K, 69 young (70656K), 8 survivors (8192K)
 Metaspace       used 57955K, capacity 58656K, committed 58780K, reserved 1101824K
  class space    used 6871K, capacity 7185K, committed 7244K, reserved 1048576K
}
Event: 4.138 GC heap after
{Heap after GC invocations=9 (full 0):
 garbage-first heap   total 155648K, used 44124K [0x0000000082600000, 0x0000000100000000)
  region size 1024K, 9 young (9216K), 9 survivors (9216K)
 Metaspace       used 57955K, capacity 58656K, committed 58780K, reserved 1101824K
  class space    used 6871K, capacity 7185K, committed 7244K, reserved 1048576K
}
Event: 4.554 GC heap before
{Heap before GC invocations=9 (full 0):
 garbage-first heap   total 155648K, used 82012K [0x0000000082600000, 0x0000000100000000)
  region size 1024K, 47 young (48128K), 9 survivors (9216K)
 Metaspace       used 59630K, capacity 60299K, committed 60420K, reserved 1101824K
  class space    used 7031K, capacity 7328K, committed 7372K, reserved 1048576K
}
Event: 4.576 GC heap after
{Heap after GC invocations=10 (full 0):
 garbage-first heap   total 155648K, used 50465K [0x0000000082600000, 0x0000000100000000)
  region size 1024K, 6 young (6144K), 6 survivors (6144K)
 Metaspace       used 59630K, capacity 60299K, committed 60420K, reserved 1101824K
  class space    used 7031K, capacity 7328K, committed 7372K, reserved 1048576K
}
Event: 5.740 GC heap before
{Heap before GC invocations=11 (full 0):
 garbage-first heap   total 155648K, used 99617K [0x0000000082600000, 0x0000000100000000)
  region size 1024K, 54 young (55296K), 6 survivors (6144K)
 Metaspace       used 64017K, capacity 64835K, committed 64976K, reserved 1105920K
  class space    used 7374K, capacity 7740K, committed 7832K, reserved 1048576K
}
Event: 5.757 GC heap after
{Heap after GC invocations=12 (full 0):
 garbage-first heap   total 188416K, used 56320K [0x0000000082600000, 0x0000000100000000)
  region size 1024K, 6 young (6144K), 6 survivors (6144K)
 Metaspace       used 64017K, capacity 64835K, committed 64976K, reserved 1105920K
  class space    used 7374K, capacity 7740K, committed 7832K, reserved 1048576K
}

