# JRE version: Java(TM) SE Runtime Environment 18.9 (11.0.14+8) (build 11.0.14+8-LTS-263)
# Java VM: Java HotSpot(TM) 64-Bit Server VM 18.9 (11.0.14+8-LTS-263, mixed mode, tiered, compressed oops, g1 gc, windows-amd64)
Heap:
 garbage-first heap   total 336896K, used 168446K [0x0000000080000000, 0x0000000100000000)
  region size 1024K, 4 young (4096K), 4 survivors (4096K)
 Metaspace       used 107263K, capacity 111527K, committed 111744K, reserved 612352K
  class space    used 14057K, capacity 15703K, committed 15744K, reserved 516096K
GC Heap History (10 events):
Event: 54.206 GC heap after
{Heap after GC invocations=70 (full 0):
 garbage-first heap   total 225280K, used 146273K [0x0000000080000000, 0x0000000100000000)
  region size 1024K, 5 young (5120K), 5 survivors (5120K)
 Metaspace       used 103348K, capacity 107391K, committed 107648K, reserved 610304K
  class space    used 13624K, capacity 15164K, committed 15232K, reserved 516096K
}
Event: 54.536 GC heap before
{Heap before GC invocations=70 (full 0):
 garbage-first heap   total 225280K, used 180065K [0x0000000080000000, 0x0000000100000000)
  region size 1024K, 38 young (38912K), 5 survivors (5120K)
 Metaspace       used 104604K, capacity 108686K, committed 108800K, reserved 610304K
  class space    used 13767K, capacity 15294K, committed 15360K, reserved 516096K
}
Event: 54.547 GC heap after
{Heap after GC invocations=71 (full 0):
 garbage-first heap   total 280576K, used 149908K [0x0000000080000000, 0x0000000100000000)
  region size 1024K, 4 young (4096K), 4 survivors (4096K)
 Metaspace       used 104604K, capacity 108686K, committed 108800K, reserved 610304K
  class space    used 13767K, capacity 15294K, committed 15360K, reserved 516096K
}
Event: 55.023 GC heap before
{Heap before GC invocations=72 (full 0):
 garbage-first heap   total 280576K, used 200084K [0x0000000080000000, 0x0000000100000000)
  region size 1024K, 53 young (54272K), 4 survivors (4096K)
 Metaspace       used 105673K, capacity 109768K, committed 109952K, reserved 612352K
  class space    used 13891K, capacity 15436K, committed 15488K, reserved 516096K
}
Event: 55.036 GC heap after
{Heap after GC invocations=73 (full 0):
 garbage-first heap   total 280576K, used 153812K [0x0000000080000000, 0x0000000100000000)
  region size 1024K, 7 young (7168K), 7 survivors (7168K)
 Metaspace       used 105673K, capacity 109768K, committed 109952K, reserved 612352K
  class space    used 13891K, capacity 15436K, committed 15488K, reserved 516096K
}
Event: 55.775 GC heap before
{Heap before GC invocations=73 (full 0):
 garbage-first heap   total 280576K, used 205012K [0x0000000080000000, 0x0000000100000000)
  region size 1024K, 58 young (59392K), 7 survivors (7168K)
 Metaspace       used 106591K, capacity 110734K, committed 110976K, reserved 612352K
  class space    used 14020K, capacity 15620K, committed 15744K, reserved 516096K
}
Event: 55.788 GC heap after
{Heap after GC invocations=74 (full 0):
 garbage-first heap   total 280576K, used 159649K [0x0000000080000000, 0x0000000100000000)
  region size 1024K, 6 young (6144K), 6 survivors (6144K)
 Metaspace       used 106591K, capacity 110734K, committed 110976K, reserved 612352K
  class space    used 14020K, capacity 15620K, committed 15744K, reserved 516096K
}
Event: 56.612 GC heap before
{Heap before GC invocations=75 (full 0):
 garbage-first heap   total 280576K, used 210849K [0x0000000080000000, 0x0000000100000000)
  region size 1024K, 57 young (58368K), 6 survivors (6144K)
 Metaspace       used 107038K, capacity 111297K, committed 111488K, reserved 612352K
  class space    used 14047K, capacity 15659K, committed 15744K, reserved 516096K
}
Event: 56.627 GC heap after
{Heap after GC invocations=76 (full 0):
 garbage-first heap   total 280576K, used 164794K [0x0000000080000000, 0x0000000100000000)
  region size 1024K, 6 young (6144K), 6 survivors (6144K)
 Metaspace       used 107038K, capacity 111297K, committed 111488K, reserved 612352K
  class space    used 14047K, capacity 15659K, committed 15744K, reserved 516096K
}
Event: 57.345 GC heap before
{Heap before GC invocations=76 (full 0):
 garbage-first heap   total 280576K, used 215994K [0x0000000080000000, 0x0000000100000000)
  region size 1024K, 57 young (58368K), 6 survivors (6144K)
 Metaspace       used 107263K, capacity 111527K, committed 111744K, reserved 612352K
  class space    used 14057K, capacity 15703K, committed 15744K, reserved 516096K
}

